1549714688845	mozrunner::runner	INFO	Running command: "C:\\Program Files\\Mozilla Firefox\\firefox.exe" "-marionette" "-foreground" "-no-remote" "-profile" "C:\\Users\\SERVIC~1\\AppData\\Local\\Temp\\rust_mozprofile.DdTBtbz4Tcx9"
1549714690133	addons.webextension.screenshots@mozilla.org	WARN	Loading extension 'screenshots@mozilla.org': Reading manifest: Invalid host permission: resource://pdf.js/
1549714690133	addons.webextension.screenshots@mozilla.org	WARN	Loading extension 'screenshots@mozilla.org': Reading manifest: Invalid host permission: about:reader*
[1549714698539	Marionette	INFO	Listening on port 50950
1549714698696	Marionette	WARN	TLS certificate errors will be ignored for this session
[Child 16920, Chrome_ChildThread] WARNING: pipe error: 109: file z:/build/build/src/ipc/chromium/src/chrome/common/ipc_channel_win.cc, line 332
[C[hCihlidl d16112, Chrome_ChildThread] WARNING: pipe error: 109: file z:/build/build/src/ipc/chromium/src/chrome/common/ipc_channel_win.cc, line 332
[Child [Child 9352, Chrome_ChildThread] WARNING: pipe error: 109: file z:/build/build/src/ipc/chromium/src/chrome/common/ipc_channel_win.cc, line 332
[Child 9352, Chrome_ChildThread] WARNING: pip1549714750548	Marionette	INFO	Stopped listening on port 50950

###!!! [Child][RunMessage] Error: Channel closing: too late to send/recv, messages will be lost

[GPU 18812, 
###!!! [Child][MessageChannel::SendAndWait] Error: Channel error: cannot send/recv

1549714755907	mozrunner::runner	INFO	Running command: "C:\\Program Files\\Mozilla Firefox\\firefox.exe" "-marionette" "-foreground" "-no-remote" "-profile" "C:\\Users\\SERVIC~1\\AppData\\Local\\Temp\\rust_mozprofile.yr8gSWT714YT"
1549714756397	addons.webextension.screenshots@mozilla.org	WARN	Loading extension 'screenshots@mozilla.org': Reading manifest: Invalid host permission: resource://pdf.js/
1549714756397	addons.webextension.screenshots@mozilla.org	WARN	Loading extension 'screenshots@mozilla.org': Reading manifest: Invalid host permission: about:reader*
1549714760164	Marionette	INFO	Listening on port 51010
1549714760249	Marionette	WARN	TLS certificate errors will be ignored for this session
console.error: BroadcastService: 
  receivedBroadcastMessage: handler for
  remote-settings/monitor_changes
  threw error:
  Message: Error: Polling for changes failed: NetworkError when attempting to fetch resource..
  Stack:
    remoteSettingsFunction/remoteSettings.pollChanges@resource://services-settings/remote-settings.js:188:13

[Parent 10248, Gecko_IOThread] WARNING: pipe error: 109: file z:/build/build/src/ipc/chromium/src/chrome/common/ipc_channel_win.cc, line 332
[Parent 10248, Gecko_IOThread] WARNING: pipe error: 109: file z:/build/build/src/ipc/chromium/src/chrome/common/ipc_channel_win.cc, line 332
[Child 18240, Chrome_ChildThread] WARNING: pipe error: 232: file z:/build/build/src/ipc/chromium/src/chrome/common/ipc_channel_win.cc, line 493
[Chil[Child d 18240, Chr17628, Chrome_ChildThread] WARNING: pipe error: 109: file z:/build/build/src/ipc/chromium/src/chrome/common/ipc_channel_win.cc, line 332
[Child 17628, Chr1549716880547	Marionette	INFO	Stopped listening on port 51010

###!!! [Child][RunMessage] Error: Channel closing: too late to send/recv, messages will be lost

[GPU 10180, Chr
###!!! [Child][MessageChannel::SendAndWait] Error: Channel error: cannot send/recv

1550059288880	mozrunner::runner	INFO	Running command: "C:\\Program Files\\Mozilla Firefox\\firefox.exe" "-marionette" "-foreground" "-no-remote" "-profile" "C:\\Users\\SERVIC~1\\AppData\\Local\\Temp\\rust_mozprofile.H2MlfknnF0XD"
1550059294709	addons.webextension.screenshots@mozilla.org	WARN	Loading extension 'screenshots@mozilla.org': Reading manifest: Invalid host permission: resource://pdf.js/
1550059294709	addons.webextension.screenshots@mozilla.org	WARN	Loading extension 'screenshots@mozilla.org': Reading manifest: Invalid host permission: about:reader*
1550059307861	Marionette	INFO	Listening on port 54165
1550059310097	Marionette	WARN	TLS certificate errors will be ignored for this session
console.error: BroadcastService: 
  receivedBroadcastMessage: handler for
  remote-settings/monitor_changes
  threw error:
  Message: Error: Polling for changes failed: NetworkError when attempting to fetch resource..
  Stack:
    remoteSettingsFunction/remoteSettings.pollChanges@resource://services-settings/remote-settings.js:188:13

Error: Can not send request because front 'domnode' is already destroyed.: generateRequestMethods/</frontProto[name]@resource://devtools/shared/protocol.js:1528:15
updateSelectionCssSelector@resource://devtools/client/inspector/inspector.js:1259:7
onNewSelection@resource://devtools/client/inspector/inspector.js:1324:5
emit@resource://devtools/shared/event-emitter.js:178:15
emit@resource://devtools/shared/event-emitter.js:255:5
setNodeFront@resource://devtools/client/framework/selection.js:153:5
onDetached@resource://devtools/client/inspector/inspector.js:1397:5
emit@resource://devtools/shared/event-emitter.js:178:15
emit@resource://devtools/shared/event-emitter.js:255:5
_onMutations@resource://devtools/client/framework/selection.js:105:7
emit@resource://devtools/shared/event-emitter.js:178:15
emit@resource://devtools/shared/event-emitter.js:255:5
WalkerFront<.getMutations</<@resource://devtools/shared/fronts/inspector.js:423:7

TypeError: parent is null: canMutationImpactCurrentStyles@resource://devtools/client/inspector/shared/style-change-tracker.js:65:13
onMutations@resource://devtools/client/inspector/shared/style-change-tracker.js:82:11
emit@resource://devtools/shared/event-emitter.js:178:15
emit@resource://devtools/shared/event-emitter.js:255:5
WalkerFront<.getMutations</<@resource://devtools/shared/fronts/inspector.js:423:7

Error: Can not send request because front 'domnode' is already destroyed.: generateRequestMethods/</frontProto[name]@resource://devtools/shared/protocol.js:1528:15
updateSelectionCssSelector@resource://devtools/client/inspector/inspector.js:1259:7
onNewSelection@resource://devtools/client/inspector/inspector.js:1324:5
emit@resource://devtools/shared/event-emitter.js:178:15
emit@resource://devtools/shared/event-emitter.js:255:5
setNodeFront@resource://devtools/client/framework/selection.js:153:5
onDetached@resource://devtools/client/inspector/inspector.js:1397:5
emit@resource://devtools/shared/event-emitter.js:178:15
emit@resource://devtools/shared/event-emitter.js:255:5
_onMutations@resource://devtools/client/framework/selection.js:105:7
emit@resource://devtools/shared/event-emitter.js:178:15
emit@resource://devtools/shared/event-emitter.js:255:5
WalkerFront<.getMutations</<@resource://devtools/shared/fronts/inspector.js:423:7

Error: Can not send request because front 'domnode' is already destroyed.: generateRequestMethods/</frontProto[name]@resource://devtools/shared/protocol.js:1528:15
updateSelectionCssSelector@resource://devtools/client/inspector/inspector.js:1259:7
onNewSelection@resource://devtools/client/inspector/inspector.js:1324:5
emit@resource://devtools/shared/event-emitter.js:178:15
emit@resource://devtools/shared/event-emitter.js:255:5
setNodeFront@resource://devtools/client/framework/selection.js:153:5
onDetached@resource://devtools/client/inspector/inspector.js:1397:5
emit@resource://devtools/shared/event-emitter.js:178:15
emit@resource://devtools/shared/event-emitter.js:255:5
_onMutations@resource://devtools/client/framework/selection.js:105:7
emit@resource://devtools/shared/event-emitter.js:178:15
emit@resource://devtools/shared/event-emitter.js:255:5
WalkerFront<.getMutations</<@resource://devtools/shared/fronts/inspector.js:423:7

Error: Can not send request because front 'domnode' is already destroyed.: generateRequestMethods/</frontProto[name]@resource://devtools/shared/protocol.js:1528:15
updateSelectionCssSelector@resource://devtools/client/inspector/inspector.js:1259:7
onNewSelection@resource://devtools/client/inspector/inspector.js:1324:5
emit@resource://devtools/shared/event-emitter.js:178:15
emit@resource://devtools/shared/event-emitter.js:255:5
setNodeFront@resource://devtools/client/framework/selection.js:153:5
onDetached@resource://devtools/client/inspector/inspector.js:1397:5
emit@resource://devtools/shared/event-emitter.js:178:15
emit@resource://devtools/shared/event-emitter.js:255:5
_onMutations@resource://devtools/client/framework/selection.js:105:7
emit@resource://devtools/shared/event-emitter.js:178:15
emit@resource://devtools/shared/event-emitter.js:255:5
WalkerFront<.getMutations</<@resource://devtools/shared/fronts/inspector.js:423:7

Error: Can not send request because front 'domnode' is already destroyed.: generateRequestMethods/</frontProto[name]@resource://devtools/shared/protocol.js:1528:15
updateSelectionCssSelector@resource://devtools/client/inspector/inspector.js:1259:7
onNewSelection@resource://devtools/client/inspector/inspector.js:1324:5
emit@resource://devtools/shared/event-emitter.js:178:15
emit@resource://devtools/shared/event-emitter.js:255:5
setNodeFront@resource://devtools/client/framework/selection.js:153:5
onDetached@resource://devtools/client/inspector/inspector.js:1397:5
emit@resource://devtools/shared/event-emitter.js:178:15
emit@resource://devtools/shared/event-emitter.js:255:5
_onMutations@resource://devtools/client/framework/selection.js:105:7
emit@resource://devtools/shared/event-emitter.js:178:15
emit@resource://devtools/shared/event-emitter.js:255:5
WalkerFront<.getMutations</<@resource://devtools/shared/fronts/inspector.js:423:7

TypeError: parent is null: canMutationImpactCurrentStyles@resource://devtools/client/inspector/shared/style-change-tracker.js:65:13
onMutations@resource://devtools/client/inspector/shared/style-change-tracker.js:82:11
emit@resource://devtools/shared/event-emitter.js:178:15
emit@resource://devtools/shared/event-emitter.js:255:5
WalkerFront<.getMutations</<@resource://devtools/shared/fronts/inspector.js:423:7

Error: Can not send request because front 'domnode' is already destroyed.: generateRequestMethods/</frontProto[name]@resource://devtools/shared/protocol.js:1528:15
updateSelectionCssSelector@resource://devtools/client/inspector/inspector.js:1259:7
onNewSelection@resource://devtools/client/inspector/inspector.js:1324:5
emit@resource://devtools/shared/event-emitter.js:178:15
emit@resource://devtools/shared/event-emitter.js:255:5
setNodeFront@resource://devtools/client/framework/selection.js:153:5
onDetached@resource://devtools/client/inspector/inspector.js:1397:5
emit@resource://devtools/shared/event-emitter.js:178:15
emit@resource://devtools/shared/event-emitter.js:255:5
_onMutations@resource://devtools/client/framework/selection.js:105:7
emit@resource://devtools/shared/event-emitter.js:178:15
emit@resource://devtools/shared/event-emitter.js:255:5
WalkerFront<.getMutations</<@resource://devtools/shared/fronts/inspector.js:423:7

TypeError: parent is null: canMutationImpactCurrentStyles@resource://devtools/client/inspector/shared/style-change-tracker.js:65:13
onMutations@resource://devtools/client/inspector/shared/style-change-tracker.js:82:11
emit@resource://devtools/shared/event-emitter.js:178:15
emit@resource://devtools/shared/event-emitter.js:255:5
WalkerFront<.getMutations</<@resource://devtools/shared/fronts/inspector.js:423:7

[Parent 15408, Gecko_IOThread] WARNING: pipe error: 109: file z:/build/build/src/ipc/chromium/src/chrome/common/ipc_channel_win.cc, line 332
[Parent 15408, Gecko_IOThread] WARNING: pipe error: 109: file z:/build/build/src/ipc/chromium/src/chrome/common/ipc_channel_win.cc, line 332
[Child 14048, Chrome_ChildThread] WARNING: pipe error: 109: file z:/build/build/src/ipc/chromium/src/chrome/common/ipc_channel_win.cc, line 332
[Child 14048, C[Parent 15408, Gecko_IOThread] WARNING: pipe error: 109: file z:/build/build/src/ipc/chromium/src/chrome/common/ipc_channel_win.cc, line 332
[Child 18168, Chrome_ChildThread] WARNING: pipe error: 109: file z:/build/build/src/ipc/chromium/src/chrome/common/ipc_channel_win.cc, line 332
[Child 181681550060546817	Marionette	INFO	Stopped listening on port 54165

###!!! [Child][RunMessage] Error: Channel closing: too late to send/recv, messages will be lost

[
###!!! [Child][MessageChannel::SendAndWait] Error: Channel error: cannot send/recv

1550060558463	mozrunner::runner	INFO	Running command: "C:\\Program Files\\Mozilla Firefox\\firefox.exe" "-marionette" "-foreground" "-no-remote" "-profile" "C:\\Users\\SERVIC~1\\AppData\\Local\\Temp\\rust_mozprofile.rPBVcjfUtqi6"
1550060559738	addons.webextension.screenshots@mozilla.org	WARN	Loading extension 'screenshots@mozilla.org': Reading manifest: Invalid host permission: resource://pdf.js/
1550060559739	addons.webextension.screenshots@mozilla.org	WARN	Loading extension 'screenshots@mozilla.org': Reading manifest: Invalid host permission: about:reader*
1550060564486	Marionette	INFO	Listening on port 55419
1550060564659	Marionette	WARN	TLS certificate errors will be ignored for this session
console.error: BroadcastService: 
  receivedBroadcastMessage: handler for
  remote-settings/monitor_changes
  threw error:
  Message: Error: Polling for changes failed: NetworkError when attempting to fetch resource..
  Stack:
    remoteSettingsFunction/remoteSettings.pollChanges@resource://services-settings/remote-settings.js:188:13

IPDL protocol error: Handler returned error code!

###!!! [Parent][DispatchAsyncMessage] Error: PAPZCTreeManager::Msg_SetTargetAPZC Processing error: message was deserialized, but the handler returned false (indicating failure)

[Child 19800, Chrome_ChildThread] WARNING: pipe error: 109: file z:/build/build/src/ipc/chromium/src/chrome/common/ipc_channel_win.cc, line 332
[Child 2904, Chrome_ChildThread] WARNING: pipe error: 109: file z:/build/build/src/ipc/chromium/src/chrome/common/ipc_channel_win.cc, line 332
[Child 2904,[Parent 19492, Gecko_IOThread] WARNING: pipe error: 109: file z:/build/build/src/ipc/chromium/src/chrome/common/ipc_channel_win.cc, line 332
[Child 10500, Chrome_ChildThread] WARNING: pipe error: 109: file z:/build/build/src/ipc/chromium/src/chrome/common/ipc_channel_win.cc, line 332
[Chil1550060722497	Marionette	INFO	Stopped listening on port 55419

###!!! [Child][RunMessage] Error: Channel closing: too late to send/recv, messages will be lost

[GPU 14
###!!! [Child][MessageChannel::SendAndWait] Error: Channel error: cannot send/recv

1550060728589	mozrunner::runner	INFO	Running command: "C:\\Program Files\\Mozilla Firefox\\firefox.exe" "-marionette" "-foreground" "-no-remote" "-profile" "C:\\Users\\SERVIC~1\\AppData\\Local\\Temp\\rust_mozprofile.wkmasrtDhPPg"
1550060729030	addons.webextension.screenshots@mozilla.org	WARN	Loading extension 'screenshots@mozilla.org': Reading manifest: Invalid host permission: resource://pdf.js/
1550060729030	addons.webextension.screenshots@mozilla.org	WARN	Loading extension 'screenshots@mozilla.org': Reading manifest: Invalid host permission: about:reader*
1550060732577	Marionette	INFO	Listening on port 55640
1550060732927	Marionette	WARN	TLS certificate errors will be ignored for this session
console.error: BroadcastService: 
  receivedBroadcastMessage: handler for
  remote-settings/monitor_changes
  threw error:
  Message: Error: Polling for changes failed: NetworkError when attempting to fetch resource..
  Stack:
    remoteSettingsFunction/remoteSettings.pollChanges@resource://services-settings/remote-settings.js:188:13

1550060835114	mozrunner::runner	INFO	Running command: "C:\\Program Files\\Mozilla Firefox\\firefox.exe" "-marionette" "-foreground" "-no-remote" "-profile" "C:\\Users\\SERVIC~1\\AppData\\Local\\Temp\\rust_mozprofile.gTFBbmoNtGZ0"
1550060835591	addons.webextension.screenshots@mozilla.org	WARN	Loading extension 'screenshots@mozilla.org': Reading manifest: Invalid host permission: resource://pdf.js/
1550060835591	addons.webextension.screenshots@mozilla.org	WARN	Loading extension 'screenshots@mozilla.org': Reading manifest: Invalid host permission: about:reader*
1550060839623	Marionette	INFO	Listening on port 55801
1550060840048	Marionette	WARN	TLS certificate errors will be ignored for this session
console.error: BroadcastService: 
  receivedBroadcastMessage: handler for
  remote-settings/monitor_changes
  threw error:
  Message: Error: Polling for changes failed: NetworkError when attempting to fetch resource..
  Stack:
    remoteSettingsFunction/remoteSettings.pollChanges@resource://services-settings/remote-settings.js:188:13

[Parent 6776, Gecko_IOThread] WARNING: pipe error: 109: file z:/build/build/src/ipc/chromium/src/chrome/common/ipc_channel_win.cc, line 332
[Child 20304, Chrome_ChildThread] WARNING: pipe error: 109: file z:/build/build/src/ipc/chromium/src/chrome/common/ipc_channel_win.cc, line 332
[Child Error: Can not send request because front 'domnode' is already destroyed.: generateRequestMethods/</frontProto[name]@resource://devtools/shared/protocol.js:1528:15
updateSelectionCssSelector@resource://devtools/client/inspector/inspector.js:1259:7
onNewSelection@resource://devtools/client/inspector/inspector.js:1324:5
emit@resource://devtools/shared/event-emitter.js:178:15
emit@resource://devtools/shared/event-emitter.js:255:5
setNodeFront@resource://devtools/client/framework/selection.js:153:5
onDetached@resource://devtools/client/inspector/inspector.js:1397:5
emit@resource://devtools/shared/event-emitter.js:178:15
emit@resource://devtools/shared/event-emitter.js:255:5
_onMutations@resource://devtools/client/framework/selection.js:105:7
emit@resource://devtools/shared/event-emitter.js:178:15
emit@resource://devtools/shared/event-emitter.js:255:5
WalkerFront<.getMutations</<@resource://devtools/shared/fronts/inspector.js:423:7

[Parent 6776, Gecko_IOThread] WARNING: pipe error: 109: file z:/build/build/src/ipc/chromium/src/chrome/common/ipc_channel_win.cc, line 332
[C[Child 8756[Child 15236, Chrome_ChildThread] WARNING: pipe error: 109: file z:/build/build/src/ipc/chromium/src/chrome/common/ipc_channel_win.cc, line 332
[Chil[Child 19816, Chrome_ChildThread] WARNING: pipe error: 109: file z:/build/build/src/ipc/chromium/src/chrome/common/ipc_channel_win.cc, line 332
[Child 1[Child 16376, Chrome_ChildThread] WARNING: pipe error: 109: file z:/build/build/src/ipc/chromium/src/chrome/common/ipc_channel_win.cc, line 332
[ChildError: Can not send request because front 'domnode' is already destroyed.: generateRequestMethods/</frontProto[name]@resource://devtools/shared/protocol.js:1528:15
updateSelectionCssSelector@resource://devtools/client/inspector/inspector.js:1259:7
onNewSelection@resource://devtools/client/inspector/inspector.js:1324:5
emit@resource://devtools/shared/event-emitter.js:178:15
emit@resource://devtools/shared/event-emitter.js:255:5
setNodeFront@resource://devtools/client/framework/selection.js:153:5
onDetached@resource://devtools/client/inspector/inspector.js:1397:5
emit@resource://devtools/shared/event-emitter.js:178:15
emit@resource://devtools/shared/event-emitter.js:255:5
_onMutations@resource://devtools/client/framework/selection.js:105:7
emit@resource://devtools/shared/event-emitter.js:178:15
emit@resource://devtools/shared/event-emitter.js:255:5
WalkerFront<.getMutations</<@resource://devtools/shared/fronts/inspector.js:423:7

[Parent 6776, Gecko_IOThread] WARNING: pipe error: 109: file z:/build/build/src/ipc/chromium/src/chrome/common/ipc_channel_win.cc, line 332
[Child 14076, Chrome_ChildThread] WARNING: pipe error: 109: file z:/build/build/src/ipc/chromium/src/chrome/common/ipc_channel_win.cc, line 332
[Chil[Child 13724, Chrome_ChildThread] WARNING: pipe error: 109: file z:/build/build/src/ipc/chromium/src/chrome/common/ipc_channel_win.cc, line 332
[Child 13724, Chrome_ChildThread] WARNING: pipe error: 109: file z:/build/build/src/ipc/chromium/src/chrome/common/ipc_channel_win.cc, line 332
1550064604615	Marionette	INFO	Stopped listening on port 55801

###!!! [Child][RunMessage] Error: Channel closing: too late to send/recv, messages will be lost


###!!! [Child][MessageChannel::SendAndWait] Error: Channel error: cannot send/recv

rmission: about:reader*
[Child 11616, Chrome_ChildThread] WARNING: pipe error: 109: file z:/build/build/src/ipc/chromium/src/chrome/common/ipc_channel_win.cc, line 332
[Child 1550064604107	Marionette	INFO	Listening on port 59071
1550064604447	Marionette	WARN	TLS certificate errors will be ignored for this session
console.error: BroadcastService: 
  receivedBroadcastMessage: handler for
  remote-settings/monitor_changes
  threw error:
  Message: Error: Polling for changes failed: NetworkError when attempting to fetch resource..
  Stack:
    remoteSettingsFunction/remoteSettings.pollChanges@resource://services-settings/remote-settings.js:188:13

[Parent 12300, Gecko_IOThread] WARNING: pipe error: 109: file z:/build/build/src/ipc/chromium/src/chrome/common/ipc_channel_win.cc, line 332
[Child 17008, Chrome_ChildThread] WARNING: pipe error: 109: file z:/build/build/src/ipc/chromium/src/chrome/common/ipc_channel_win.cc, line 332
[Child 17008, Chrome_ChildThread] [Parent 12300, Gecko_IOThread] WARNING: pipe error: 109: file z:/build/build/src/ipc/chromium/src/chrome/common/ipc_channel_win.cc, line 332
[Parent 12300, Gecko_IOThread] WARNING: pipe error: 109: file z:/build/build/src/ipc/chromium/src/chrome/common/ipc_channel_win.cc, line 332
[Child 17804, Chrome_ChildThread] WARNING: pipe error: 109: file z:/build/build/src/ipc/chromium/src/chrome/common/ipc_channel_win.cc, line 332
[Child 4732, Chrome[_ChildThread] WARNING: pipe error: 109: file z:/build/build/src/ipc/chromium/src/chrome/common/ipc_channel_win.cc, line 332
[Ch[Parent 12300, Gecko_IOThread] WARNING: pipe error: 109: file z:/build/build/src/ipc/chromium/src/chrome/common/ipc_channel_win.cc, line 332
[Child 9792, Chrome_ChildThread] WARNING: pipe error: 109: file z:/build/build/src/ipc/chromium/src/chrome/common/ipc_channel_win.cc, line 332
[Child 1550084057124	Marionette	INFO	Stopped listening on port 59071

###!!! [Child][RunMessage] Error: Channel closing: too late to send/recv, messages will be lost


###!!! [Child][MessageChannel::SendAndWait] Error: Channel error: cannot send/recv

